# JRE version: OpenJDK Runtime Environment Temurin-21.0.9+10 (21.0.9+10) (build 21.0.9+10-LTS)
# Java VM: OpenJDK 64-Bit Server VM Temurin-21.0.9+10 (21.0.9+10-LTS, mixed mode, sharing, tiered, compressed oops, compressed class ptrs, parallel gc, windows-amd64)
GC Precious Log:
 CardTable entry size: 512
 CPUs: 8 total, 8 available
 Memory: 8061M
 Large Page Support: Disabled
 NUMA Support: Disabled
 Compressed Oops: Enabled (32-bit)
 Alignments: Space 512K, Generation 512K, Heap 2M
 Heap Min Capacity: 100M
 Heap Initial Capacity: 100M
 Heap Max Capacity: 2G
 Pre-touch: Disabled
 Parallel Workers: 8
Heap:
 PSYoungGen      total 5632K, used 673K [0x00000000d5580000, 0x00000000d5c80000, 0x0000000100000000)
  eden space 5120K, 8% used [0x00000000d5580000,0x00000000d55f06d0,0x00000000d5a80000)
  from space 512K, 43% used [0x00000000d5b80000,0x00000000d5bb8000,0x00000000d5c00000)
  to   space 512K, 0% used [0x00000000d5c00000,0x00000000d5c00000,0x00000000d5c80000)
 ParOldGen       total 1020928K, used 1020848K [0x0000000080000000, 0x00000000be500000, 0x00000000d5580000)
  object space 1020928K, 99% used [0x0000000080000000,0x00000000be4ec2b0,0x00000000be500000)
 Metaspace       used 96738K, committed 98496K, reserved 1179648K
  class space    used 9917K, committed 10752K, reserved 1048576K
GC Heap History (20 events):
Event: 5868.014 GC heap before
{Heap before GC invocations=3422 (full 6):
 PSYoungGen      total 5120K, used 4928K [0x00000000d5580000, 0x00000000d5d80000, 0x0000000100000000)
  eden space 2560K, 100% used [0x00000000d5580000,0x00000000d5800000,0x00000000d5800000)
  from space 2560K, 92% used [0x00000000d5800000,0x00000000d5a50000,0x00000000d5a80000)
  to   space 2560K, 0% used [0x00000000d5b00000,0x00000000d5b00000,0x00000000d5d80000)
 ParOldGen       total 1012736K, used 1012708K [0x0000000080000000, 0x00000000bdd00000, 0x00000000d5580000)
  object space 1012736K, 99% used [0x0000000080000000,0x00000000bdcf9080,0x00000000bdd00000)
 Metaspace       used 96689K, committed 98432K, reserved 1179648K
  class space    used 9917K, committed 10752K, reserved 1048576K
}
Event: 5868.018 GC heap after
{Heap after GC invocations=3422 (full 6):
 PSYoungGen      total 5632K, used 2484K [0x00000000d5580000, 0x00000000d5d80000, 0x0000000100000000)
  eden space 3072K, 0% used [0x00000000d5580000,0x00000000d5580000,0x00000000d5880000)
  from space 2560K, 97% used [0x00000000d5b00000,0x00000000d5d6d000,0x00000000d5d80000)
  to   space 2560K, 0% used [0x00000000d5880000,0x00000000d5880000,0x00000000d5b00000)
 ParOldGen       total 1015296K, used 1015004K [0x0000000080000000, 0x00000000bdf80000, 0x00000000d5580000)
  object space 1015296K, 99% used [0x0000000080000000,0x00000000bdf37080,0x00000000bdf80000)
 Metaspace       used 96689K, committed 98432K, reserved 1179648K
  class space    used 9917K, committed 10752K, reserved 1048576K
}
Event: 5868.034 GC heap before
{Heap before GC invocations=3423 (full 6):
 PSYoungGen      total 5632K, used 5556K [0x00000000d5580000, 0x00000000d5d80000, 0x0000000100000000)
  eden space 3072K, 100% used [0x00000000d5580000,0x00000000d5880000,0x00000000d5880000)
  from space 2560K, 97% used [0x00000000d5b00000,0x00000000d5d6d000,0x00000000d5d80000)
  to   space 2560K, 0% used [0x00000000d5880000,0x00000000d5880000,0x00000000d5b00000)
 ParOldGen       total 1015296K, used 1015004K [0x0000000080000000, 0x00000000bdf80000, 0x00000000d5580000)
  object space 1015296K, 99% used [0x0000000080000000,0x00000000bdf37080,0x00000000bdf80000)
 Metaspace       used 96690K, committed 98432K, reserved 1179648K
  class space    used 9917K, committed 10752K, reserved 1048576K
}
Event: 5868.040 GC heap after
{Heap after GC invocations=3423 (full 6):
 PSYoungGen      total 5632K, used 1792K [0x00000000d5580000, 0x00000000d5d80000, 0x0000000100000000)
  eden space 3072K, 0% used [0x00000000d5580000,0x00000000d5580000,0x00000000d5880000)
  from space 2560K, 70% used [0x00000000d5880000,0x00000000d5a40000,0x00000000d5b00000)
  to   space 2048K, 0% used [0x00000000d5b80000,0x00000000d5b80000,0x00000000d5d80000)
 ParOldGen       total 1017856K, used 1017364K [0x0000000080000000, 0x00000000be200000, 0x00000000d5580000)
  object space 1017856K, 99% used [0x0000000080000000,0x00000000be185080,0x00000000be200000)
 Metaspace       used 96690K, committed 98432K, reserved 1179648K
  class space    used 9917K, committed 10752K, reserved 1048576K
}
Event: 5868.174 GC heap before
{Heap before GC invocations=3424 (full 6):
 PSYoungGen      total 5632K, used 4864K [0x00000000d5580000, 0x00000000d5d80000, 0x0000000100000000)
  eden space 3072K, 100% used [0x00000000d5580000,0x00000000d5880000,0x00000000d5880000)
  from space 2560K, 70% used [0x00000000d5880000,0x00000000d5a40000,0x00000000d5b00000)
  to   space 2048K, 0% used [0x00000000d5b80000,0x00000000d5b80000,0x00000000d5d80000)
 ParOldGen       total 1017856K, used 1017364K [0x0000000080000000, 0x00000000be200000, 0x00000000d5580000)
  object space 1017856K, 99% used [0x0000000080000000,0x00000000be185080,0x00000000be200000)
 Metaspace       used 96691K, committed 98432K, reserved 1179648K
  class space    used 9917K, committed 10752K, reserved 1048576K
}
Event: 5868.177 GC heap after
{Heap after GC invocations=3424 (full 6):
 PSYoungGen      total 6144K, used 1658K [0x00000000d5580000, 0x00000000d5d80000, 0x0000000100000000)
  eden space 4096K, 0% used [0x00000000d5580000,0x00000000d5580000,0x00000000d5980000)
  from space 2048K, 80% used [0x00000000d5b80000,0x00000000d5d1e900,0x00000000d5d80000)
  to   space 2048K, 0% used [0x00000000d5980000,0x00000000d5980000,0x00000000d5b80000)
 ParOldGen       total 1018880K, used 1018436K [0x0000000080000000, 0x00000000be300000, 0x00000000d5580000)
  object space 1018880K, 99% used [0x0000000080000000,0x00000000be291080,0x00000000be300000)
 Metaspace       used 96691K, committed 98432K, reserved 1179648K
  class space    used 9917K, committed 10752K, reserved 1048576K
}
Event: 5868.185 GC heap before
{Heap before GC invocations=3425 (full 6):
 PSYoungGen      total 6144K, used 5754K [0x00000000d5580000, 0x00000000d5d80000, 0x0000000100000000)
  eden space 4096K, 100% used [0x00000000d5580000,0x00000000d5980000,0x00000000d5980000)
  from space 2048K, 80% used [0x00000000d5b80000,0x00000000d5d1e900,0x00000000d5d80000)
  to   space 2048K, 0% used [0x00000000d5980000,0x00000000d5980000,0x00000000d5b80000)
 ParOldGen       total 1018880K, used 1018436K [0x0000000080000000, 0x00000000be300000, 0x00000000d5580000)
  object space 1018880K, 99% used [0x0000000080000000,0x00000000be291080,0x00000000be300000)
 Metaspace       used 96691K, committed 98432K, reserved 1179648K
  class space    used 9917K, committed 10752K, reserved 1048576K
}
Event: 5868.189 GC heap after
{Heap after GC invocations=3425 (full 6):
 PSYoungGen      total 6144K, used 608K [0x00000000d5580000, 0x00000000d5c80000, 0x0000000100000000)
  eden space 4096K, 0% used [0x00000000d5580000,0x00000000d5580000,0x00000000d5980000)
  from space 2048K, 29% used [0x00000000d5980000,0x00000000d5a18000,0x00000000d5b80000)
  to   space 1024K, 0% used [0x00000000d5b80000,0x00000000d5b80000,0x00000000d5c80000)
 ParOldGen       total 1020416K, used 1019960K [0x0000000080000000, 0x00000000be480000, 0x00000000d5580000)
  object space 1020416K, 99% used [0x0000000080000000,0x00000000be40e280,0x00000000be480000)
 Metaspace       used 96691K, committed 98432K, reserved 1179648K
  class space    used 9917K, committed 10752K, reserved 1048576K
}
Event: 5868.550 GC heap before
{Heap before GC invocations=3426 (full 6):
 PSYoungGen      total 6144K, used 4703K [0x00000000d5580000, 0x00000000d5c80000, 0x0000000100000000)
  eden space 4096K, 99% used [0x00000000d5580000,0x00000000d597ffd0,0x00000000d5980000)
  from space 2048K, 29% used [0x00000000d5980000,0x00000000d5a18000,0x00000000d5b80000)
  to   space 1024K, 0% used [0x00000000d5b80000,0x00000000d5b80000,0x00000000d5c80000)
 ParOldGen       total 1020416K, used 1019960K [0x0000000080000000, 0x00000000be480000, 0x00000000d5580000)
  object space 1020416K, 99% used [0x0000000080000000,0x00000000be40e280,0x00000000be480000)
 Metaspace       used 96691K, committed 98432K, reserved 1179648K
  class space    used 9917K, committed 10752K, reserved 1048576K
}
Event: 5868.552 GC heap after
{Heap after GC invocations=3426 (full 6):
 PSYoungGen      total 6144K, used 570K [0x00000000d5580000, 0x00000000d5c80000, 0x0000000100000000)
  eden space 5120K, 0% used [0x00000000d5580000,0x00000000d5580000,0x00000000d5a80000)
  from space 1024K, 55% used [0x00000000d5b80000,0x00000000d5c0e900,0x00000000d5c80000)
  to   space 1024K, 0% used [0x00000000d5a80000,0x00000000d5a80000,0x00000000d5b80000)
 ParOldGen       total 1020928K, used 1020464K [0x0000000080000000, 0x00000000be500000, 0x00000000d5580000)
  object space 1020928K, 99% used [0x0000000080000000,0x00000000be48c290,0x00000000be500000)
 Metaspace       used 96691K, committed 98432K, reserved 1179648K
  class space    used 9917K, committed 10752K, reserved 1048576K
}
Event: 5868.566 GC heap before
{Heap before GC invocations=3427 (full 6):
 PSYoungGen      total 6144K, used 5690K [0x00000000d5580000, 0x00000000d5c80000, 0x0000000100000000)
  eden space 5120K, 100% used [0x00000000d5580000,0x00000000d5a80000,0x00000000d5a80000)
  from space 1024K, 55% used [0x00000000d5b80000,0x00000000d5c0e900,0x00000000d5c80000)
  to   space 1024K, 0% used [0x00000000d5a80000,0x00000000d5a80000,0x00000000d5b80000)
 ParOldGen       total 1020928K, used 1020464K [0x0000000080000000, 0x00000000be500000, 0x00000000d5580000)
  object space 1020928K, 99% used [0x0000000080000000,0x00000000be48c290,0x00000000be500000)
 Metaspace       used 96691K, committed 98432K, reserved 1179648K
  class space    used 9917K, committed 10752K, reserved 1048576K
}
Event: 5868.569 GC heap after
{Heap after GC invocations=3427 (full 6):
 PSYoungGen      total 6144K, used 426K [0x00000000d5580000, 0x00000000d5c80000, 0x0000000100000000)
  eden space 5120K, 0% used [0x00000000d5580000,0x00000000d5580000,0x00000000d5a80000)
  from space 1024K, 41% used [0x00000000d5a80000,0x00000000d5aea910,0x00000000d5b80000)
  to   space 512K, 0% used [0x00000000d5c00000,0x00000000d5c00000,0x00000000d5c80000)
 ParOldGen       total 1020928K, used 1020608K [0x0000000080000000, 0x00000000be500000, 0x00000000d5580000)
  object space 1020928K, 99% used [0x0000000080000000,0x00000000be4b0290,0x00000000be500000)
 Metaspace       used 96691K, committed 98432K, reserved 1179648K
  class space    used 9917K, committed 10752K, reserved 1048576K
}
Event: 5868.843 GC heap before
{Heap before GC invocations=3428 (full 6):
 PSYoungGen      total 6144K, used 5546K [0x00000000d5580000, 0x00000000d5c80000, 0x0000000100000000)
  eden space 5120K, 100% used [0x00000000d5580000,0x00000000d5a80000,0x00000000d5a80000)
  from space 1024K, 41% used [0x00000000d5a80000,0x00000000d5aea910,0x00000000d5b80000)
  to   space 512K, 0% used [0x00000000d5c00000,0x00000000d5c00000,0x00000000d5c80000)
 ParOldGen       total 1020928K, used 1020608K [0x0000000080000000, 0x00000000be500000, 0x00000000d5580000)
  object space 1020928K, 99% used [0x0000000080000000,0x00000000be4b0290,0x00000000be500000)
 Metaspace       used 96694K, committed 98432K, reserved 1179648K
  class space    used 9917K, committed 10752K, reserved 1048576K
}
Event: 5868.846 GC heap after
{Heap after GC invocations=3428 (full 6):
 PSYoungGen      total 5632K, used 490K [0x00000000d5580000, 0x00000000d5c80000, 0x0000000100000000)
  eden space 5120K, 0% used [0x00000000d5580000,0x00000000d5580000,0x00000000d5a80000)
  from space 512K, 95% used [0x00000000d5c00000,0x00000000d5c7a910,0x00000000d5c80000)
  to   space 1024K, 0% used [0x00000000d5a80000,0x00000000d5a80000,0x00000000d5b80000)
 ParOldGen       total 1020928K, used 1020624K [0x0000000080000000, 0x00000000be500000, 0x00000000d5580000)
  object space 1020928K, 99% used [0x0000000080000000,0x00000000be4b4290,0x00000000be500000)
 Metaspace       used 96694K, committed 98432K, reserved 1179648K
  class space    used 9917K, committed 10752K, reserved 1048576K
}
Event: 5948.156 GC heap before
{Heap before GC invocations=3429 (full 6):
 PSYoungGen      total 5632K, used 5610K [0x00000000d5580000, 0x00000000d5c80000, 0x0000000100000000)
  eden space 5120K, 100% used [0x00000000d5580000,0x00000000d5a80000,0x00000000d5a80000)
  from space 512K, 95% used [0x00000000d5c00000,0x00000000d5c7a910,0x00000000d5c80000)
  to   space 1024K, 0% used [0x00000000d5a80000,0x00000000d5a80000,0x00000000d5b80000)
 ParOldGen       total 1020928K, used 1020624K [0x0000000080000000, 0x00000000be500000, 0x00000000d5580000)
  object space 1020928K, 99% used [0x0000000080000000,0x00000000be4b4290,0x00000000be500000)
 Metaspace       used 96697K, committed 98432K, reserved 1179648K
  class space    used 9917K, committed 10752K, reserved 1048576K
}
Event: 5948.160 GC heap after
{Heap after GC invocations=3429 (full 6):
 PSYoungGen      total 6144K, used 256K [0x00000000d5580000, 0x00000000d5c80000, 0x0000000100000000)
  eden space 5120K, 0% used [0x00000000d5580000,0x00000000d5580000,0x00000000d5a80000)
  from space 1024K, 25% used [0x00000000d5a80000,0x00000000d5ac0000,0x00000000d5b80000)
  to   space 512K, 0% used [0x00000000d5c00000,0x00000000d5c00000,0x00000000d5c80000)
 ParOldGen       total 1020928K, used 1020656K [0x0000000080000000, 0x00000000be500000, 0x00000000d5580000)
  object space 1020928K, 99% used [0x0000000080000000,0x00000000be4bc290,0x00000000be500000)
 Metaspace       used 96697K, committed 98432K, reserved 1179648K
  class space    used 9917K, committed 10752K, reserved 1048576K
}
Event: 6310.246 GC heap before
{Heap before GC invocations=3430 (full 6):
 PSYoungGen      total 6144K, used 5376K [0x00000000d5580000, 0x00000000d5c80000, 0x0000000100000000)
  eden space 5120K, 100% used [0x00000000d5580000,0x00000000d5a80000,0x00000000d5a80000)
  from space 1024K, 25% used [0x00000000d5a80000,0x00000000d5ac0000,0x00000000d5b80000)
  to   space 512K, 0% used [0x00000000d5c00000,0x00000000d5c00000,0x00000000d5c80000)
 ParOldGen       total 1020928K, used 1020656K [0x0000000080000000, 0x00000000be500000, 0x00000000d5580000)
  object space 1020928K, 99% used [0x0000000080000000,0x00000000be4bc290,0x00000000be500000)
 Metaspace       used 96706K, committed 98432K, reserved 1179648K
  class space    used 9917K, committed 10752K, reserved 1048576K
}
Event: 6310.250 GC heap after
{Heap after GC invocations=3430 (full 6):
 PSYoungGen      total 5632K, used 384K [0x00000000d5580000, 0x00000000d5c80000, 0x0000000100000000)
  eden space 5120K, 0% used [0x00000000d5580000,0x00000000d5580000,0x00000000d5a80000)
  from space 512K, 75% used [0x00000000d5c00000,0x00000000d5c60020,0x00000000d5c80000)
  to   space 512K, 0% used [0x00000000d5b80000,0x00000000d5b80000,0x00000000d5c00000)
 ParOldGen       total 1020928K, used 1020712K [0x0000000080000000, 0x00000000be500000, 0x00000000d5580000)
  object space 1020928K, 99% used [0x0000000080000000,0x00000000be4ca290,0x00000000be500000)
 Metaspace       used 96706K, committed 98432K, reserved 1179648K
  class space    used 9917K, committed 10752K, reserved 1048576K
}
Event: 14594.504 GC heap before
{Heap before GC invocations=3431 (full 6):
 PSYoungGen      total 5632K, used 5504K [0x00000000d5580000, 0x00000000d5c80000, 0x0000000100000000)
  eden space 5120K, 99% used [0x00000000d5580000,0x00000000d5a7fff8,0x00000000d5a80000)
  from space 512K, 75% used [0x00000000d5c00000,0x00000000d5c60020,0x00000000d5c80000)
  to   space 512K, 0% used [0x00000000d5b80000,0x00000000d5b80000,0x00000000d5c00000)
 ParOldGen       total 1020928K, used 1020712K [0x0000000080000000, 0x00000000be500000, 0x00000000d5580000)
  object space 1020928K, 99% used [0x0000000080000000,0x00000000be4ca290,0x00000000be500000)
 Metaspace       used 96738K, committed 98496K, reserved 1179648K
  class space    used 9917K, committed 10752K, reserved 1048576K
}
Event: 14594.685 GC heap after
{Heap after GC invocations=3431 (full 6):
 PSYoungGen      total 5632K, used 224K [0x00000000d5580000, 0x00000000d5c80000, 0x0000000100000000)
  eden space 5120K, 0% used [0x00000000d5580000,0x00000000d5580000,0x00000000d5a80000)
  from space 512K, 43% used [0x00000000d5b80000,0x00000000d5bb8000,0x00000000d5c00000)
  to   space 512K, 0% used [0x00000000d5c00000,0x00000000d5c00000,0x00000000d5c80000)
 ParOldGen       total 1020928K, used 1020848K [0x0000000080000000, 0x00000000be500000, 0x00000000d5580000)
  object space 1020928K, 99% used [0x0000000080000000,0x00000000be4ec2b0,0x00000000be500000)
 Metaspace       used 96738K, committed 98496K, reserved 1179648K
  class space    used 9917K, committed 10752K, reserved 1048576K
}

